Request method:	GET
Request URI:	https://postman-echo.com/get
Proxy:			<none>
Request params:	<none>
Query params:	<none>
Form params:	<none>
Path params:	<none>
Headers:		Accept=*/*
Cookies:		<none>
Multiparts:		<none>
Body:			<none>
HTTP/1.1 200 OK
content-type: application/json; charset=utf-8
content-length: 216
etag: W/"d8-q3VumxkBqgLWjoyX7WZXYSUKI3k"
vary: Accept-Encoding
set-cookie: sails.sid=s%3AYGMgBItl4akwLBdmBcQ3G5kMAEwuJ7Ik.QxnznToQOJvPtHuiRpDqo8RSQ7DvYCjaGtSiNaAckpk; Path=/; HttpOnly
date: Fri, 11 Jul 2025 13:00:54 GMT
x-envoy-upstream-service-time: 5
server: istio-envoy

{
    "args": {
        
    },
    "headers": {
        "host": "postman-echo.com",
        "accept": "*/*",
        "user-agent": "Apache-HttpClient/4.5.13 (Java/23.0.2)",
        "accept-encoding": "gzip,deflate",
        "x-forwarded-proto": "https"
    },
    "url": "https://postman-echo.com/get"
}
